2025-05-23 00:35:33,805 - INFO - patching driver executable C:\Users\mines\appdata\roaming\undetected_chromedriver\undetected_chromedriver.exe
2025-05-23 01:06:34,204 - INFO - Pausing for 10 minutes after 300 requests
2025-05-23 01:45:09,869 - INFO - Pausing for 10 minutes after 600 requests
2025-05-23 02:23:27,994 - INFO - Pausing for 10 minutes after 900 requests
2025-05-23 03:02:20,318 - INFO - Pausing for 10 minutes after 1200 requests
2025-05-23 03:41:31,760 - INFO - Pausing for 10 minutes after 1500 requests
2025-05-23 04:20:34,582 - INFO - Pausing for 10 minutes after 1800 requests
2025-05-23 04:58:43,075 - INFO - Pausing for 10 minutes after 2100 requests
2025-05-23 05:37:20,398 - INFO - Pausing for 10 minutes after 2400 requests
2025-05-23 06:16:36,785 - INFO - Pausing for 10 minutes after 2700 requests
2025-05-23 06:54:54,214 - INFO - Pausing for 10 minutes after 3000 requests
2025-05-23 07:34:09,207 - INFO - Pausing for 10 minutes after 3300 requests
2025-05-23 08:13:14,556 - INFO - Pausing for 10 minutes after 3600 requests
2025-05-23 08:51:50,467 - INFO - Pausing for 10 minutes after 3900 requests
2025-05-23 09:30:44,352 - INFO - Pausing for 10 minutes after 4200 requests
2025-05-23 11:33:47,886 - INFO - patching driver executable C:\Users\mines\appdata\roaming\undetected_chromedriver\undetected_chromedriver.exe
2025-05-23 11:52:06,681 - INFO - patching driver executable C:\Users\mines\appdata\roaming\undetected_chromedriver\undetected_chromedriver.exe
2025-05-23 12:23:11,243 - INFO - Pausing for 10 minutes after 300 requests
2025-05-23 14:03:57,650 - INFO - patching driver executable C:\Users\mines\appdata\roaming\undetected_chromedriver\undetected_chromedriver.exe
2025-05-23 14:33:46,834 - INFO - Pausing for 10 minutes after 300 requests
2025-05-23 16:22:24,731 - INFO - patching driver executable C:\Users\mines\appdata\roaming\undetected_chromedriver\undetected_chromedriver.exe
2025-05-23 16:52:04,184 - INFO - Pausing for 10 minutes after 300 requests
2025-05-23 17:11:40,751 - ERROR - Error fetching https://www.hltv.org/stats/players/matches/18462/mezii?startDate=2025-03-22&endDate=2025-05-22: object of type 'NoneType' has no len()
2025-05-23 17:11:43,848 - ERROR - Error fetching https://www.hltv.org/matches/2380126/mouz-vs-vitality-blast-open-lisbon-2025: Message: no such window: target window already closed
from unknown error: web view not found
  (Session info: chrome=137.0.7151.41)
Stacktrace:
	GetHandleVerifier [0x00CAFC03+61635]
	GetHandleVerifier [0x00CAFC44+61700]
	(No symbol) [0x00AD05D3]
	(No symbol) [0x00AAFBC9]
	(No symbol) [0x00B43CBE]
	(No symbol) [0x00B5DF19]
	(No symbol) [0x00B3D096]
	(No symbol) [0x00B0C840]
	(No symbol) [0x00B0D6A4]
	GetHandleVerifier [0x00F34523+2701795]
	GetHandleVerifier [0x00F2FCA6+2683238]
	GetHandleVerifier [0x00F4A9EE+2793134]
	GetHandleVerifier [0x00CC68C5+155013]
	GetHandleVerifier [0x00CCCFAD+181357]
	GetHandleVerifier [0x00CB7458+92440]
	GetHandleVerifier [0x00CB7600+92864]
	GetHandleVerifier [0x00CA1FF0+5296]
	BaseThreadInitThunk [0x763E5D49+25]
	RtlInitializeExceptionChain [0x76FCD03B+107]
	RtlGetAppContainerNamedObjectPath [0x76FCCFC1+561]

2025-05-23 17:11:47,900 - ERROR - Error fetching https://www.hltv.org/stats/teams/matches/4494/mouz?startDate=2025-03-22&endDate=2025-05-22: Message: no such window: target window already closed
from unknown error: web view not found
  (Session info: chrome=137.0.7151.41)
Stacktrace:
	GetHandleVerifier [0x00CAFC03+61635]
	GetHandleVerifier [0x00CAFC44+61700]
	(No symbol) [0x00AD05D3]
	(No symbol) [0x00AAFBC9]
	(No symbol) [0x00B43CBE]
	(No symbol) [0x00B5DF19]
	(No symbol) [0x00B3D096]
	(No symbol) [0x00B0C840]
	(No symbol) [0x00B0D6A4]
	GetHandleVerifier [0x00F34523+2701795]
	GetHandleVerifier [0x00F2FCA6+2683238]
	GetHandleVerifier [0x00F4A9EE+2793134]
	GetHandleVerifier [0x00CC68C5+155013]
	GetHandleVerifier [0x00CCCFAD+181357]
	GetHandleVerifier [0x00CB7458+92440]
	GetHandleVerifier [0x00CB7600+92864]
	GetHandleVerifier [0x00CA1FF0+5296]
	BaseThreadInitThunk [0x763E5D49+25]
	RtlInitializeExceptionChain [0x76FCD03B+107]
	RtlGetAppContainerNamedObjectPath [0x76FCCFC1+561]

2025-05-23 17:11:51,729 - ERROR - Error fetching https://www.hltv.org/stats/teams/matches/9565/vitality?startDate=2025-03-22&endDate=2025-05-22: Message: no such window: target window already closed
from unknown error: web view not found
  (Session info: chrome=137.0.7151.41)
Stacktrace:
	GetHandleVerifier [0x00CAFC03+61635]
	GetHandleVerifier [0x00CAFC44+61700]
	(No symbol) [0x00AD05D3]
	(No symbol) [0x00AAFBC9]
	(No symbol) [0x00B43CBE]
	(No symbol) [0x00B5DF19]
	(No symbol) [0x00B3D096]
	(No symbol) [0x00B0C840]
	(No symbol) [0x00B0D6A4]
	GetHandleVerifier [0x00F34523+2701795]
	GetHandleVerifier [0x00F2FCA6+2683238]
	GetHandleVerifier [0x00F4A9EE+2793134]
	GetHandleVerifier [0x00CC68C5+155013]
	GetHandleVerifier [0x00CCCFAD+181357]
	GetHandleVerifier [0x00CB7458+92440]
	GetHandleVerifier [0x00CB7600+92864]
	GetHandleVerifier [0x00CA1FF0+5296]
	BaseThreadInitThunk [0x763E5D49+25]
	RtlInitializeExceptionChain [0x76FCD03B+107]
	RtlGetAppContainerNamedObjectPath [0x76FCCFC1+561]

2025-05-23 17:11:59,783 - ERROR - Error fetching https://www.hltv.org/stats/teams/matches/4494/mouz?startDate=2025-03-22&endDate=2025-05-22: Message: no such window: target window already closed
from unknown error: web view not found
  (Session info: chrome=137.0.7151.41)
Stacktrace:
	GetHandleVerifier [0x00CAFC03+61635]
	GetHandleVerifier [0x00CAFC44+61700]
	(No symbol) [0x00AD05D3]
	(No symbol) [0x00AAFBC9]
	(No symbol) [0x00B43CBE]
	(No symbol) [0x00B5DF19]
	(No symbol) [0x00B3D096]
	(No symbol) [0x00B0C840]
	(No symbol) [0x00B0D6A4]
	GetHandleVerifier [0x00F34523+2701795]
	GetHandleVerifier [0x00F2FCA6+2683238]
	GetHandleVerifier [0x00F4A9EE+2793134]
	GetHandleVerifier [0x00CC68C5+155013]
	GetHandleVerifier [0x00CCCFAD+181357]
	GetHandleVerifier [0x00CB7458+92440]
	GetHandleVerifier [0x00CB7600+92864]
	GetHandleVerifier [0x00CA1FF0+5296]
	BaseThreadInitThunk [0x763E5D49+25]
	RtlInitializeExceptionChain [0x76FCD03B+107]
	RtlGetAppContainerNamedObjectPath [0x76FCCFC1+561]

2025-05-23 17:12:02,520 - ERROR - Error fetching https://www.hltv.org/stats/teams/matches/7020/spirit?startDate=2025-03-22&endDate=2025-05-22: Message: no such window: target window already closed
from unknown error: web view not found
  (Session info: chrome=137.0.7151.41)
Stacktrace:
	GetHandleVerifier [0x00CAFC03+61635]
	GetHandleVerifier [0x00CAFC44+61700]
	(No symbol) [0x00AD05D3]
	(No symbol) [0x00AAFBC9]
	(No symbol) [0x00B43CBE]
	(No symbol) [0x00B5DF19]
	(No symbol) [0x00B3D096]
	(No symbol) [0x00B0C840]
	(No symbol) [0x00B0D6A4]
	GetHandleVerifier [0x00F34523+2701795]
	GetHandleVerifier [0x00F2FCA6+2683238]
	GetHandleVerifier [0x00F4A9EE+2793134]
	GetHandleVerifier [0x00CC68C5+155013]
	GetHandleVerifier [0x00CCCFAD+181357]
	GetHandleVerifier [0x00CB7458+92440]
	GetHandleVerifier [0x00CB7600+92864]
	GetHandleVerifier [0x00CA1FF0+5296]
	BaseThreadInitThunk [0x763E5D49+25]
	RtlInitializeExceptionChain [0x76FCD03B+107]
	RtlGetAppContainerNamedObjectPath [0x76FCCFC1+561]

2025-05-23 17:16:39,434 - INFO - patching driver executable C:\Users\mines\appdata\roaming\undetected_chromedriver\undetected_chromedriver.exe
2025-05-23 18:34:48,093 - INFO - patching driver executable C:\Users\mines\appdata\roaming\undetected_chromedriver\undetected_chromedriver.exe
2025-05-23 18:34:54,287 - ERROR - Error fetching https://www.hltv.org/valve-ranking/teams/2025/march/22: Message: no such window: target window already closed
from unknown error: web view not found
  (Session info: chrome=137.0.7151.41)
Stacktrace:
	GetHandleVerifier [0x0124FC03+61635]
	GetHandleVerifier [0x0124FC44+61700]
	(No symbol) [0x010705D3]
	(No symbol) [0x0104FBC9]
	(No symbol) [0x010E3CBE]
	(No symbol) [0x010FDF19]
	(No symbol) [0x010DD096]
	(No symbol) [0x010AC840]
	(No symbol) [0x010AD6A4]
	GetHandleVerifier [0x014D4523+2701795]
	GetHandleVerifier [0x014CFCA6+2683238]
	GetHandleVerifier [0x014EA9EE+2793134]
	GetHandleVerifier [0x012668C5+155013]
	GetHandleVerifier [0x0126CFAD+181357]
	GetHandleVerifier [0x01257458+92440]
	GetHandleVerifier [0x01257600+92864]
	GetHandleVerifier [0x01241FF0+5296]
	BaseThreadInitThunk [0x763E5D49+25]
	RtlInitializeExceptionChain [0x76FCD03B+107]
	RtlGetAppContainerNamedObjectPath [0x76FCCFC1+561]

2025-05-23 18:35:00,167 - INFO - patching driver executable C:\Users\mines\appdata\roaming\undetected_chromedriver\undetected_chromedriver.exe
2025-05-23 19:04:51,103 - INFO - Pausing for 10 minutes after 300 requests
2025-05-24 01:49:18,137 - INFO - patching driver executable C:\Users\mines\appdata\roaming\undetected_chromedriver\undetected_chromedriver.exe
2025-05-24 10:49:10,783 - INFO - patching driver executable C:\Users\mines\appdata\roaming\undetected_chromedriver\undetected_chromedriver.exe
2025-05-24 10:49:16,971 - ERROR - Error fetching https://www.hltv.org/valve-ranking/teams/2025/march/22: Message: no such window: target window already closed
from unknown error: web view not found
  (Session info: chrome=137.0.7151.41)
Stacktrace:
	GetHandleVerifier [0x0099FC03+61635]
	GetHandleVerifier [0x0099FC44+61700]
	(No symbol) [0x007C05D3]
	(No symbol) [0x0079FBC9]
	(No symbol) [0x00833CBE]
	(No symbol) [0x0084DF19]
	(No symbol) [0x0082D096]
	(No symbol) [0x007FC840]
	(No symbol) [0x007FD6A4]
	GetHandleVerifier [0x00C24523+2701795]
	GetHandleVerifier [0x00C1FCA6+2683238]
	GetHandleVerifier [0x00C3A9EE+2793134]
	GetHandleVerifier [0x009B68C5+155013]
	GetHandleVerifier [0x009BCFAD+181357]
	GetHandleVerifier [0x009A7458+92440]
	GetHandleVerifier [0x009A7600+92864]
	GetHandleVerifier [0x00991FF0+5296]
	BaseThreadInitThunk [0x76B65D49+25]
	RtlInitializeExceptionChain [0x778ED03B+107]
	RtlGetAppContainerNamedObjectPath [0x778ECFC1+561]

2025-05-24 10:49:27,861 - INFO - patching driver executable C:\Users\mines\appdata\roaming\undetected_chromedriver\undetected_chromedriver.exe
2025-05-24 10:50:11,634 - ERROR - Error fetching https://www.hltv.org/stats/teams/9928/gamerlegion?startDate=2025-03-22&endDate=2025-05-22: Message: invalid session id: session deleted as the browser has closed the connection
from disconnected: not connected to DevTools
  (Session info: chrome=137.0.7151.41)
Stacktrace:
	GetHandleVerifier [0x0032FC03+61635]
	GetHandleVerifier [0x0032FC44+61700]
	(No symbol) [0x001505D3]
	(No symbol) [0x0013FE20]
	(No symbol) [0x0015DD1F]
	(No symbol) [0x001C3E8C]
	(No symbol) [0x001DDF19]
	(No symbol) [0x001BD096]
	(No symbol) [0x0018C840]
	(No symbol) [0x0018D6A4]
	GetHandleVerifier [0x005B4523+2701795]
	GetHandleVerifier [0x005AFCA6+2683238]
	GetHandleVerifier [0x005CA9EE+2793134]
	GetHandleVerifier [0x003468C5+155013]
	GetHandleVerifier [0x0034CFAD+181357]
	GetHandleVerifier [0x00337458+92440]
	GetHandleVerifier [0x00337600+92864]
	GetHandleVerifier [0x00321FF0+5296]
	BaseThreadInitThunk [0x76B65D49+25]
	RtlInitializeExceptionChain [0x778ED03B+107]
	RtlGetAppContainerNamedObjectPath [0x778ECFC1+561]
	(No symbol) [0x00000000]

2025-05-26 07:53:27,647 - INFO - patching driver executable C:\Users\mines\appdata\roaming\undetected_chromedriver\undetected_chromedriver.exe
2025-05-26 07:54:00,889 - INFO - Skipping match https://www.hltv.org/stats/matches/mapstatsid/200377/vitality-vs-mouz: Date 2025-05-25 outside range
2025-05-26 07:54:11,624 - INFO - Skipping match https://www.hltv.org/stats/matches/mapstatsid/200375/mouz-vs-vitality: Date 2025-05-25 outside range
2025-05-26 07:55:29,166 - INFO - patching driver executable C:\Users\mines\appdata\roaming\undetected_chromedriver\undetected_chromedriver.exe
2025-05-26 07:57:04,748 - INFO - patching driver executable C:\Users\mines\appdata\roaming\undetected_chromedriver\undetected_chromedriver.exe
2025-05-26 07:57:25,608 - INFO - Skipping match https://www.hltv.org/stats/matches/mapstatsid/200340/vitality-vs-falcons: Date 2025-05-24 outside range
2025-05-26 07:57:37,172 - INFO - Skipping match https://www.hltv.org/stats/matches/mapstatsid/200338/falcons-vs-vitality: Date 2025-05-24 outside range
2025-05-26 07:57:44,879 - INFO - Skipping match https://www.hltv.org/stats/matches/mapstatsid/200337/vitality-vs-falcons: Date 2025-05-24 outside range
2025-05-26 07:58:01,252 - INFO - Skipping match https://www.hltv.org/stats/matches/mapstatsid/200332/the-mongolz-vs-mouz: Date 2025-05-24 outside range
2025-05-26 07:58:11,731 - INFO - Skipping match https://www.hltv.org/stats/matches/mapstatsid/200327/mouz-vs-the-mongolz: Date 2025-05-24 outside range
2025-05-26 08:32:38,899 - INFO - Pausing for 10 minutes after 300 requests
2025-05-26 09:16:12,548 - INFO - Pausing for 10 minutes after 600 requests
2025-05-26 09:56:25,979 - INFO - patching driver executable C:\Users\mines\appdata\roaming\undetected_chromedriver\undetected_chromedriver.exe
2025-05-26 09:56:44,359 - INFO - patching driver executable C:\Users\mines\appdata\roaming\undetected_chromedriver\undetected_chromedriver.exe
2025-05-26 10:03:03,948 - INFO - patching driver executable C:\Users\mines\appdata\roaming\undetected_chromedriver\undetected_chromedriver.exe
2025-05-26 10:04:15,964 - INFO - patching driver executable C:\Users\mines\appdata\roaming\undetected_chromedriver\undetected_chromedriver.exe
2025-05-26 10:51:48,157 - INFO - patching driver executable C:\Users\mines\appdata\roaming\undetected_chromedriver\undetected_chromedriver.exe
2025-05-26 10:52:16,793 - ERROR - Error fetching https://www.hltv.org/stats/teams/matches/5995/g2?startDate=2025-04-25&endDate=2025-05-24: object of type 'NoneType' has no len()
2025-05-26 10:52:21,312 - ERROR - Error fetching https://www.hltv.org/stats/teams/matches/6248/the-mongolz?startDate=2025-04-25&endDate=2025-05-24: Message: no such window: target window already closed
from unknown error: web view not found
  (Session info: chrome=137.0.7151.41)
Stacktrace:
	GetHandleVerifier [0x00B3FC03+61635]
	GetHandleVerifier [0x00B3FC44+61700]
	(No symbol) [0x009605D3]
	(No symbol) [0x0093FBC9]
	(No symbol) [0x009D3CBE]
	(No symbol) [0x009EDF19]
	(No symbol) [0x009CD096]
	(No symbol) [0x0099C840]
	(No symbol) [0x0099D6A4]
	GetHandleVerifier [0x00DC4523+2701795]
	GetHandleVerifier [0x00DBFCA6+2683238]
	GetHandleVerifier [0x00DDA9EE+2793134]
	GetHandleVerifier [0x00B568C5+155013]
	GetHandleVerifier [0x00B5CFAD+181357]
	GetHandleVerifier [0x00B47458+92440]
	GetHandleVerifier [0x00B47600+92864]
	GetHandleVerifier [0x00B31FF0+5296]
	BaseThreadInitThunk [0x76495D49+25]
	RtlInitializeExceptionChain [0x77A1D03B+107]
	RtlGetAppContainerNamedObjectPath [0x77A1CFC1+561]

2025-05-26 10:52:25,862 - ERROR - Error fetching https://www.hltv.org/stats/teams/matches/11861/aurora?startDate=2025-04-25&endDate=2025-05-24: Message: no such window: target window already closed
from unknown error: web view not found
  (Session info: chrome=137.0.7151.41)
Stacktrace:
	GetHandleVerifier [0x00B3FC03+61635]
	GetHandleVerifier [0x00B3FC44+61700]
	(No symbol) [0x009605D3]
	(No symbol) [0x0093FBC9]
	(No symbol) [0x009D3CBE]
	(No symbol) [0x009EDF19]
	(No symbol) [0x009CD096]
	(No symbol) [0x0099C840]
	(No symbol) [0x0099D6A4]
	GetHandleVerifier [0x00DC4523+2701795]
	GetHandleVerifier [0x00DBFCA6+2683238]
	GetHandleVerifier [0x00DDA9EE+2793134]
	GetHandleVerifier [0x00B568C5+155013]
	GetHandleVerifier [0x00B5CFAD+181357]
	GetHandleVerifier [0x00B47458+92440]
	GetHandleVerifier [0x00B47600+92864]
	GetHandleVerifier [0x00B31FF0+5296]
	BaseThreadInitThunk [0x76495D49+25]
	RtlInitializeExceptionChain [0x77A1D03B+107]
	RtlGetAppContainerNamedObjectPath [0x77A1CFC1+561]

2025-05-26 10:52:29,254 - ERROR - Error fetching https://www.hltv.org/stats/teams/matches/6667/faze?startDate=2025-04-25&endDate=2025-05-24: Message: no such window: target window already closed
from unknown error: web view not found
  (Session info: chrome=137.0.7151.41)
Stacktrace:
	GetHandleVerifier [0x00B3FC03+61635]
	GetHandleVerifier [0x00B3FC44+61700]
	(No symbol) [0x009605D3]
	(No symbol) [0x0093FBC9]
	(No symbol) [0x009D3CBE]
	(No symbol) [0x009EDF19]
	(No symbol) [0x009CD096]
	(No symbol) [0x0099C840]
	(No symbol) [0x0099D6A4]
	GetHandleVerifier [0x00DC4523+2701795]
	GetHandleVerifier [0x00DBFCA6+2683238]
	GetHandleVerifier [0x00DDA9EE+2793134]
	GetHandleVerifier [0x00B568C5+155013]
	GetHandleVerifier [0x00B5CFAD+181357]
	GetHandleVerifier [0x00B47458+92440]
	GetHandleVerifier [0x00B47600+92864]
	GetHandleVerifier [0x00B31FF0+5296]
	BaseThreadInitThunk [0x76495D49+25]
	RtlInitializeExceptionChain [0x77A1D03B+107]
	RtlGetAppContainerNamedObjectPath [0x77A1CFC1+561]

2025-05-26 10:52:32,940 - ERROR - Error fetching https://www.hltv.org/stats/teams/matches/9928/gamerlegion?startDate=2025-04-25&endDate=2025-05-24: Message: no such window: target window already closed
from unknown error: web view not found
  (Session info: chrome=137.0.7151.41)
Stacktrace:
	GetHandleVerifier [0x00B3FC03+61635]
	GetHandleVerifier [0x00B3FC44+61700]
	(No symbol) [0x009605D3]
	(No symbol) [0x0093FBC9]
	(No symbol) [0x009D3CBE]
	(No symbol) [0x009EDF19]
	(No symbol) [0x009CD096]
	(No symbol) [0x0099C840]
	(No symbol) [0x0099D6A4]
	GetHandleVerifier [0x00DC4523+2701795]
	GetHandleVerifier [0x00DBFCA6+2683238]
	GetHandleVerifier [0x00DDA9EE+2793134]
	GetHandleVerifier [0x00B568C5+155013]
	GetHandleVerifier [0x00B5CFAD+181357]
	GetHandleVerifier [0x00B47458+92440]
	GetHandleVerifier [0x00B47600+92864]
	GetHandleVerifier [0x00B31FF0+5296]
	BaseThreadInitThunk [0x76495D49+25]
	RtlInitializeExceptionChain [0x77A1D03B+107]
	RtlGetAppContainerNamedObjectPath [0x77A1CFC1+561]

2025-05-26 10:52:53,780 - INFO - patching driver executable C:\Users\mines\appdata\roaming\undetected_chromedriver\undetected_chromedriver.exe
2025-05-26 10:54:57,218 - INFO - patching driver executable C:\Users\mines\appdata\roaming\undetected_chromedriver\undetected_chromedriver.exe
2025-05-26 10:56:52,230 - INFO - patching driver executable C:\Users\mines\appdata\roaming\undetected_chromedriver\undetected_chromedriver.exe
2025-05-26 11:25:51,931 - INFO - Pausing for 10 minutes after 300 requests
2025-05-26 12:05:36,495 - INFO - Pausing for 10 minutes after 600 requests
2025-05-26 12:33:20,434 - INFO - Skipping match https://www.hltv.org/stats/matches/mapstatsid/200323/ex-permitta-vs-big: Date 2025-05-24 outside range
2025-05-26 12:33:31,469 - INFO - Skipping match https://www.hltv.org/stats/matches/mapstatsid/200318/big-vs-ex-permitta: Date 2025-05-24 outside range
2025-05-26 12:45:41,490 - INFO - Pausing for 10 minutes after 900 requests
2025-05-27 09:21:50,533 - INFO - patching driver executable C:\Users\mines\appdata\roaming\undetected_chromedriver\undetected_chromedriver.exe
2025-05-27 09:50:15,964 - INFO - Pausing for 10 minutes after 300 requests
2025-05-27 10:28:28,843 - INFO - Pausing for 10 minutes after 600 requests
2025-05-27 10:56:59,457 - ERROR - Error fetching https://www.hltv.org/stats/teams/matches/7532/big?startDate=2025-04-25&endDate=2025-05-24: Message: invalid session id: session deleted as the browser has closed the connection
from disconnected: not connected to DevTools
  (Session info: chrome=137.0.7151.41)
Stacktrace:
	GetHandleVerifier [0x006EFC03+61635]
	GetHandleVerifier [0x006EFC44+61700]
	(No symbol) [0x005105D3]
	(No symbol) [0x004FFE20]
	(No symbol) [0x0051DD1F]
	(No symbol) [0x00583E8C]
	(No symbol) [0x0059DF19]
	(No symbol) [0x0057D096]
	(No symbol) [0x0054C840]
	(No symbol) [0x0054D6A4]
	GetHandleVerifier [0x00974523+2701795]
	GetHandleVerifier [0x0096FCA6+2683238]
	GetHandleVerifier [0x0098A9EE+2793134]
	GetHandleVerifier [0x007068C5+155013]
	GetHandleVerifier [0x0070CFAD+181357]
	GetHandleVerifier [0x006F7458+92440]
	GetHandleVerifier [0x006F7600+92864]
	GetHandleVerifier [0x006E1FF0+5296]
	BaseThreadInitThunk [0x75B85D49+25]
	RtlInitializeExceptionChain [0x7734D03B+107]
	RtlGetAppContainerNamedObjectPath [0x7734CFC1+561]

2025-05-27 10:57:34,092 - INFO - patching driver executable C:\Users\mines\appdata\roaming\undetected_chromedriver\undetected_chromedriver.exe
2025-05-27 10:57:41,722 - ERROR - Error fetching https://www.hltv.org/valve-ranking/teams/2025/may/1: Message: no such window: target window already closed
from unknown error: web view not found
  (Session info: chrome=137.0.7151.41)
Stacktrace:
	GetHandleVerifier [0x0109FC03+61635]
	GetHandleVerifier [0x0109FC44+61700]
	(No symbol) [0x00EC05D3]
	(No symbol) [0x00E9FBC9]
	(No symbol) [0x00F33CBE]
	(No symbol) [0x00F4DF19]
	(No symbol) [0x00F2D096]
	(No symbol) [0x00EFC840]
	(No symbol) [0x00EFD6A4]
	GetHandleVerifier [0x01324523+2701795]
	GetHandleVerifier [0x0131FCA6+2683238]
	GetHandleVerifier [0x0133A9EE+2793134]
	GetHandleVerifier [0x010B68C5+155013]
	GetHandleVerifier [0x010BCFAD+181357]
	GetHandleVerifier [0x010A7458+92440]
	GetHandleVerifier [0x010A7600+92864]
	GetHandleVerifier [0x01091FF0+5296]
	BaseThreadInitThunk [0x75B85D49+25]
	RtlInitializeExceptionChain [0x7734D03B+107]
	RtlGetAppContainerNamedObjectPath [0x7734CFC1+561]

2025-05-27 10:57:45,773 - INFO - patching driver executable C:\Users\mines\appdata\roaming\undetected_chromedriver\undetected_chromedriver.exe
2025-05-27 11:11:34,255 - INFO - Skipping match https://www.hltv.org/stats/matches/mapstatsid/198656/heroic-vs-jijiehao: Date 2025-04-30 outside range
2025-05-27 11:11:47,691 - INFO - Skipping match https://www.hltv.org/stats/matches/mapstatsid/198650/heroic-vs-jijiehao: Date 2025-04-30 outside range
2025-05-27 11:27:45,650 - INFO - Pausing for 10 minutes after 300 requests
2025-05-27 12:03:40,764 - INFO - patching driver executable C:\Users\mines\appdata\roaming\undetected_chromedriver\undetected_chromedriver.exe
2025-05-27 12:04:12,969 - ERROR - Error fetching https://www.hltv.org/stats/teams/matches/7020/spirit?startDate=2025-05-01&endDate=2025-05-26: Message: invalid session id: session deleted as the browser has closed the connection
from disconnected: not connected to DevTools
  (Session info: chrome=137.0.7151.41)
Stacktrace:
	GetHandleVerifier [0x009BFC03+61635]
	GetHandleVerifier [0x009BFC44+61700]
	(No symbol) [0x007E05D3]
	(No symbol) [0x007CFE20]
	(No symbol) [0x007EDD1F]
	(No symbol) [0x00853E8C]
	(No symbol) [0x0086DF19]
	(No symbol) [0x0084D096]
	(No symbol) [0x0081C840]
	(No symbol) [0x0081D6A4]
	GetHandleVerifier [0x00C44523+2701795]
	GetHandleVerifier [0x00C3FCA6+2683238]
	GetHandleVerifier [0x00C5A9EE+2793134]
	GetHandleVerifier [0x009D68C5+155013]
	GetHandleVerifier [0x009DCFAD+181357]
	GetHandleVerifier [0x009C7458+92440]
	GetHandleVerifier [0x009C7600+92864]
	GetHandleVerifier [0x009B1FF0+5296]
	BaseThreadInitThunk [0x75B85D49+25]
	RtlInitializeExceptionChain [0x7734D03B+107]
	RtlGetAppContainerNamedObjectPath [0x7734CFC1+561]

2025-05-27 12:04:30,081 - INFO - patching driver executable C:\Users\mines\appdata\roaming\undetected_chromedriver\undetected_chromedriver.exe
2025-05-27 12:04:35,146 - ERROR - Error fetching https://www.hltv.org/valve-ranking/teams/2025/may/1: Message: no such window: target window already closed
from unknown error: web view not found
  (Session info: chrome=137.0.7151.41)
Stacktrace:
	GetHandleVerifier [0x00DBFC03+61635]
	GetHandleVerifier [0x00DBFC44+61700]
	(No symbol) [0x00BE05D3]
	(No symbol) [0x00BBFBC9]
	(No symbol) [0x00C53CBE]
	(No symbol) [0x00C6DF19]
	(No symbol) [0x00C4D096]
	(No symbol) [0x00C1C840]
	(No symbol) [0x00C1D6A4]
	GetHandleVerifier [0x01044523+2701795]
	GetHandleVerifier [0x0103FCA6+2683238]
	GetHandleVerifier [0x0105A9EE+2793134]
	GetHandleVerifier [0x00DD68C5+155013]
	GetHandleVerifier [0x00DDCFAD+181357]
	GetHandleVerifier [0x00DC7458+92440]
	GetHandleVerifier [0x00DC7600+92864]
	GetHandleVerifier [0x00DB1FF0+5296]
	BaseThreadInitThunk [0x75B85D49+25]
	RtlInitializeExceptionChain [0x7734D03B+107]
	RtlGetAppContainerNamedObjectPath [0x7734CFC1+561]

2025-05-27 12:04:39,995 - INFO - patching driver executable C:\Users\mines\appdata\roaming\undetected_chromedriver\undetected_chromedriver.exe
2025-05-27 12:05:01,658 - ERROR - Error fetching https://www.hltv.org/stats/teams/matches/4494/mouz?startDate=2025-05-01&endDate=2025-05-26: ('Connection aborted.', ConnectionResetError(10054, 'An existing connection was forcibly closed by the remote host', None, 10054, None))
2025-05-27 12:11:47,041 - INFO - patching driver executable C:\Users\mines\appdata\roaming\undetected_chromedriver\undetected_chromedriver.exe
2025-05-27 12:15:53,158 - INFO - patching driver executable C:\Users\mines\appdata\roaming\undetected_chromedriver\undetected_chromedriver.exe
2025-05-27 12:45:52,945 - INFO - Pausing for 10 minutes after 300 requests
2025-05-27 13:06:02,537 - INFO - Skipping match https://www.hltv.org/stats/matches/mapstatsid/200437/sashi-vs-ence: Date 2025-05-26 outside range
2025-05-27 13:06:12,590 - INFO - Skipping match https://www.hltv.org/stats/matches/mapstatsid/200432/ence-vs-sashi: Date 2025-05-26 outside range
2025-05-27 13:06:21,139 - INFO - Skipping match https://www.hltv.org/stats/matches/mapstatsid/200427/sashi-vs-ence: Date 2025-05-26 outside range
2025-05-27 13:15:31,250 - INFO - Skipping match https://www.hltv.org/stats/matches/mapstatsid/198624/the-huns-vs-eruption: Date 2025-04-30 outside range
2025-05-27 13:15:41,828 - INFO - Skipping match https://www.hltv.org/stats/matches/mapstatsid/198622/eruption-vs-the-huns: Date 2025-04-30 outside range
2025-05-27 13:15:53,919 - INFO - Skipping match https://www.hltv.org/stats/matches/mapstatsid/198620/the-huns-vs-eruption: Date 2025-04-30 outside range
2025-05-27 13:25:23,851 - INFO - Pausing for 10 minutes after 600 requests
2025-06-05 16:07:10,445 - INFO - patching driver executable C:\Users\mines\appdata\roaming\undetected_chromedriver\undetected_chromedriver.exe
2025-06-05 16:07:44,126 - ERROR - Error fetching https://www.hltv.org/stats/teams/matches/11283/falcons?startDate=2025-05-01&endDate=2025-05-26: Message: invalid session id: session deleted as the browser has closed the connection
from disconnected: not connected to DevTools
  (Session info: chrome=137.0.7151.68)
Stacktrace:
	GetHandleVerifier [0x0x1243763+63299]
	GetHandleVerifier [0x0x12437a4+63364]
	(No symbol) [0x0x1071113]
	(No symbol) [0x0x10608a0]
	(No symbol) [0x0x107e8c2]
	(No symbol) [0x0x10e519c]
	(No symbol) [0x0x10ff359]
	(No symbol) [0x0x10de376]
	(No symbol) [0x0x10ad6e0]
	(No symbol) [0x0x10ae544]
	GetHandleVerifier [0x0x149e033+2531347]
	GetHandleVerifier [0x0x1499332+2511634]
	GetHandleVerifier [0x0x1269eda+220858]
	GetHandleVerifier [0x0x125a528+156936]
	GetHandleVerifier [0x0x1260c5d+183357]
	GetHandleVerifier [0x0x124b6c8+95912]
	GetHandleVerifier [0x0x124b870+96336]
	GetHandleVerifier [0x0x123664a+9770]
	BaseThreadInitThunk [0x0x76385d49+25]
	RtlInitializeExceptionChain [0x0x7794d03b+107]
	RtlGetAppContainerNamedObjectPath [0x0x7794cfc1+561]

2025-06-05 16:07:46,151 - ERROR - Error fetching https://www.hltv.org/stats/teams/matches/7020/spirit?startDate=2025-05-01&endDate=2025-05-26: Message: invalid session id
Stacktrace:
	GetHandleVerifier [0x0x1243763+63299]
	GetHandleVerifier [0x0x12437a4+63364]
	(No symbol) [0x0x1070f70]
	(No symbol) [0x0x10ac9a8]
	(No symbol) [0x0x10de436]
	(No symbol) [0x0x10d9f05]
	(No symbol) [0x0x10d9486]
	(No symbol) [0x0x1043a05]
	(No symbol) [0x0x1043f5e]
	(No symbol) [0x0x10443ed]
	GetHandleVerifier [0x0x149e033+2531347]
	GetHandleVerifier [0x0x1499332+2511634]
	GetHandleVerifier [0x0x1269eda+220858]
	GetHandleVerifier [0x0x125a528+156936]
	GetHandleVerifier [0x0x1260c5d+183357]
	(No symbol) [0x0x10436d0]
	(No symbol) [0x0x1042edd]
	GetHandleVerifier [0x0x15d7edc+3817148]
	BaseThreadInitThunk [0x0x76385d49+25]
	RtlInitializeExceptionChain [0x0x7794d03b+107]
	RtlGetAppContainerNamedObjectPath [0x0x7794cfc1+561]

2025-06-05 16:08:45,929 - INFO - patching driver executable C:\Users\mines\appdata\roaming\undetected_chromedriver\undetected_chromedriver.exe
2025-06-05 16:35:59,311 - INFO - Pausing for 10 minutes after 300 requests
2025-06-05 17:13:58,079 - INFO - Pausing for 10 minutes after 600 requests
2025-06-10 17:29:14,398 - INFO - patching driver executable C:\Users\mines\appdata\roaming\undetected_chromedriver\undetected_chromedriver.exe
2025-06-10 17:29:22,715 - ERROR - Error fetching https://www.hltv.org/valve-ranking/teams/2025/june/3: Message: no such window: target window already closed
from unknown error: web view not found
  (Session info: chrome=137.0.7151.69)
Stacktrace:
	GetHandleVerifier [0x0xf13763+63299]
	GetHandleVerifier [0x0xf137a4+63364]
	(No symbol) [0x0xd41113]
	(No symbol) [0x0xd1ff69]
	(No symbol) [0x0xdb4fce]
	(No symbol) [0x0xdcf359]
	(No symbol) [0x0xdae376]
	(No symbol) [0x0xd7d6e0]
	(No symbol) [0x0xd7e544]
	GetHandleVerifier [0x0x116e033+2531347]
	GetHandleVerifier [0x0x1169332+2511634]
	GetHandleVerifier [0x0xf39eda+220858]
	GetHandleVerifier [0x0xf2a528+156936]
	GetHandleVerifier [0x0xf30c5d+183357]
	GetHandleVerifier [0x0xf1b6c8+95912]
	GetHandleVerifier [0x0xf1b870+96336]
	GetHandleVerifier [0x0xf0664a+9770]
	BaseThreadInitThunk [0x0x764a5d49+25]
	RtlInitializeExceptionChain [0x0x777fd03b+107]
	RtlGetAppContainerNamedObjectPath [0x0x777fcfc1+561]

2025-06-10 17:29:25,995 - INFO - patching driver executable C:\Users\mines\appdata\roaming\undetected_chromedriver\undetected_chromedriver.exe
